<?xml version="1.0" encoding="utf-8"?><testsuites name="pytest tests"><testsuite name="pytest" errors="0" failures="0" skipped="0" tests="28" time="5.404" timestamp="2026-04-27T10:18:27.051535+00:00" hostname="agent-env-5494da0c-9ca0-4769-8b74-3c8d88b3ca8c"><testcase classname="backend.tests.test_auth_multitenant.TestAuth" name="test_login_founder_returns_jwt_and_role" time="0.467" /><testcase classname="backend.tests.test_auth_multitenant.TestAuth" name="test_login_pasta_workspace_admin" time="0.273" /><testcase classname="backend.tests.test_auth_multitenant.TestAuth" name="test_login_wrong_password" time="0.276" /><testcase classname="backend.tests.test_auth_multitenant.TestAuth" name="test_me_returns_user" time="0.062" /><testcase classname="backend.tests.test_auth_multitenant.TestAuth" name="test_me_without_token_401" time="0.048" /><testcase classname="backend.tests.test_auth_multitenant.TestAuth" name="test_crm_without_token_401" time="0.052" /><testcase classname="backend.tests.test_auth_multitenant.TestAuth" name="test_switch_workspace_founder" time="0.108" /><testcase classname="backend.tests.test_auth_multitenant.TestAuth" name="test_switch_workspace_forbidden_for_pasta_admin" time="0.105" /><testcase classname="backend.tests.test_auth_multitenant.TestWorkspaces" name="test_founder_sees_both" time="0.055" /><testcase classname="backend.tests.test_auth_multitenant.TestWorkspaces" name="test_pasta_sees_only_own" time="0.054" /><testcase classname="backend.tests.test_auth_multitenant.TestWorkspaces" name="test_modules_pasta_premium_no_integrations_module" time="0.054" /><testcase classname="backend.tests.test_auth_multitenant.TestWorkspaces" name="test_create_workspace_founder_only" time="0.102" /><testcase classname="backend.tests.test_auth_multitenant.TestWorkspaces" name="test_update_plan_recomputes_modules" time="0.115" /><testcase classname="backend.tests.test_auth_multitenant.TestWorkspaces" name="test_toggle_module" time="0.169" /><testcase classname="backend.tests.test_auth_multitenant.TestWorkspaces" name="test_integrations_status_autocalc" time="0.210" /><testcase classname="backend.tests.test_auth_multitenant.TestWorkspaces" name="test_agent_prompts_per_channel" time="0.164" /><testcase classname="backend.tests.test_auth_multitenant.TestCRMIsolation" name="test_founder_digiactiva_sees_migrated_data" time="0.060" /><testcase classname="backend.tests.test_auth_multitenant.TestCRMIsolation" name="test_founder_switch_to_pasta_empty_or_isolated" time="0.378" /><testcase classname="backend.tests.test_auth_multitenant.TestCRMIsolation" name="test_pasta_admin_only_sees_own" time="0.064" /><testcase classname="backend.tests.test_auth_multitenant.TestCRMIsolation" name="test_crm_metrics_scoped" time="0.116" /><testcase classname="backend.tests.test_auth_multitenant.TestCRMIsolation" name="test_crm_pipeline_scoped" time="0.056" /><testcase classname="backend.tests.test_auth_multitenant.TestPublicChat" name="test_greeting_default_digiactiva" time="0.051" /><testcase classname="backend.tests.test_auth_multitenant.TestPublicChat" name="test_greeting_pasta_workspace" time="0.047" /><testcase classname="backend.tests.test_auth_multitenant.TestPublicChat" name="test_post_message_captures_lead_for_correct_ws" time="1.742" /><testcase classname="backend.tests.test_auth_multitenant.TestLeads" name="test_post_leads_creates_in_digiactiva" time="0.208" /><testcase classname="backend.tests.test_auth_multitenant.TestMigrationAndIndexes" name="test_pizzeria_el_sol_present_after_migration" time="0.159" /><testcase classname="backend.tests.test_auth_multitenant.TestNoIdLeak" name="test_workspaces_no_id" time="0.053" /><testcase classname="backend.tests.test_auth_multitenant.TestNoIdLeak" name="test_me_no_password_hash" time="0.050" /></testsuite></testsuites>