<?xml version="1.0" encoding="utf-8"?><testsuites name="pytest tests"><testsuite name="pytest" errors="0" failures="0" skipped="0" tests="9" time="14.308" timestamp="2026-04-27T08:26:33.232245+00:00" hostname="agent-env-5494da0c-9ca0-4769-8b74-3c8d88b3ca8c"><testcase classname="backend.tests.test_chat.TestChatGreeting" name="test_greeting_returns_text" time="0.261" /><testcase classname="backend.tests.test_chat.TestChatPublicMessage" name="test_first_message_creates_session" time="2.869" /><testcase classname="backend.tests.test_chat.TestChatPublicMessage" name="test_lead_captured_with_email_and_phone" time="9.424" /><testcase classname="backend.tests.test_chat.TestChatSessionPersistence" name="test_session_stores_messages_and_ai_log" time="1.321" /><testcase classname="backend.tests.test_chat.TestAgentConfig" name="test_get_agent_config_has_all_fields" time="0.048" /><testcase classname="backend.tests.test_chat.TestAgentConfig" name="test_put_agent_config_updates" time="0.182" /><testcase classname="backend.tests.test_chat.TestAgentConfig" name="test_reset_agent_config" time="0.047" /><testcase classname="backend.tests.test_chat.TestChatSessionsList" name="test_list_sessions_structure" time="0.046" /><testcase classname="backend.tests.test_chat.TestChatSessionsList" name="test_session_404" time="0.047" /></testsuite></testsuites>