<?xml version="1.0" encoding="utf-8"?><testsuites name="pytest tests"><testsuite name="pytest" errors="0" failures="0" skipped="0" tests="17" time="8.987" timestamp="2026-05-01T12:40:15.389401+00:00" hostname="agent-env-5494da0c-9ca0-4769-8b74-3c8d88b3ca8c"><testcase classname="backend.tests.test_composio.TestStatus" name="test_status_founder" time="0.547" /><testcase classname="backend.tests.test_composio.TestStatus" name="test_status_pasta_premium" time="0.444" /><testcase classname="backend.tests.test_composio.TestConnect503" name="test_messenger_connect_returns_503" time="0.127" /><testcase classname="backend.tests.test_composio.TestWhatsAppProvider" name="test_set_composio_then_reset" time="0.349" /><testcase classname="backend.tests.test_composio.TestWhatsAppProvider" name="test_invalid_provider_422" time="0.101" /><testcase classname="backend.tests.test_composio.TestWebhook" name="test_instagram_inbound_creates_contact" time="0.461" /><testcase classname="backend.tests.test_composio.TestWebhook" name="test_instagram_dedup_on_second_message" time="0.356" /><testcase classname="backend.tests.test_composio.TestWebhook" name="test_messenger_inbound" time="0.228" /><testcase classname="backend.tests.test_composio.TestWebhook" name="test_whatsapp_inbound_via_composio" time="0.226" /><testcase classname="backend.tests.test_composio.TestSend" name="test_send_returns_409" time="0.107" /><testcase classname="backend.tests.test_composio.TestDisconnect" name="test_messenger_disconnect_idempotent" time="0.114" /><testcase classname="backend.tests.test_composio.TestCRMRegression" name="test_endpoint_200[/api/crm/contacts]" time="0.119" /><testcase classname="backend.tests.test_composio.TestCRMRegression" name="test_endpoint_200[/api/crm/metrics]" time="0.113" /><testcase classname="backend.tests.test_composio.TestCRMRegression" name="test_endpoint_200[/api/crm/pipeline]" time="0.129" /><testcase classname="backend.tests.test_composio.TestCRMRegression" name="test_endpoint_200[/api/crm/settings]" time="0.123" /><testcase classname="backend.tests.test_composio.TestCRMRegression" name="test_endpoint_200[/api/crm/ai/logs]" time="0.112" /><testcase classname="backend.tests.test_composio.TestCRMRegression" name="test_endpoint_200[/api/crm/ai/priorities]" time="5.248" /></testsuite></testsuites>