<?xml version="1.0" encoding="utf-8"?><testsuites name="pytest tests"><testsuite name="pytest" errors="0" failures="0" skipped="0" tests="28" time="30.250" timestamp="2026-04-27T07:44:09.172974+00:00" hostname="agent-env-5494da0c-9ca0-4769-8b74-3c8d88b3ca8c"><testcase classname="backend.tests.test_crm.TestAdminLogin" name="test_login_success" time="0.231" /><testcase classname="backend.tests.test_crm.TestAdminLogin" name="test_login_wrong_password" time="0.050" /><testcase classname="backend.tests.test_crm.TestMetrics" name="test_metrics_structure" time="0.067" /><testcase classname="backend.tests.test_crm.TestPipeline" name="test_pipeline_groups" time="0.051" /><testcase classname="backend.tests.test_crm.TestPipeline" name="test_pipeline_move" time="0.226" /><testcase classname="backend.tests.test_crm.TestPipeline" name="test_pipeline_move_invalid_stage" time="0.045" /><testcase classname="backend.tests.test_crm.TestContacts" name="test_create_and_timeline_event" time="0.145" /><testcase classname="backend.tests.test_crm.TestContacts" name="test_get_contact_by_id" time="0.051" /><testcase classname="backend.tests.test_crm.TestContacts" name="test_get_contact_404" time="0.050" /><testcase classname="backend.tests.test_crm.TestContacts" name="test_filters" time="0.253" /><testcase classname="backend.tests.test_crm.TestContacts" name="test_update_contact_stage_change" time="0.102" /><testcase classname="backend.tests.test_crm.TestContacts" name="test_delete_contact" time="0.144" /><testcase classname="backend.tests.test_crm.TestTimeline" name="test_add_event_updates_ultimo_contacto" time="0.098" /><testcase classname="backend.tests.test_crm.TestTimeline" name="test_timeline_sorted_desc" time="0.049" /><testcase classname="backend.tests.test_crm.TestSettings" name="test_get_settings_creates_default" time="0.049" /><testcase classname="backend.tests.test_crm.TestSettings" name="test_update_meta_mensual" time="0.099" /><testcase classname="backend.tests.test_crm.TestAI" name="test_ai_whatsapp" time="1.603" /><testcase classname="backend.tests.test_crm.TestAI" name="test_ai_email" time="2.848" /><testcase classname="backend.tests.test_crm.TestAI" name="test_ai_followup" time="2.341" /><testcase classname="backend.tests.test_crm.TestAI" name="test_ai_score" time="5.827" /><testcase classname="backend.tests.test_crm.TestAI" name="test_ai_priorities" time="3.190" /><testcase classname="backend.tests.test_crm.TestPublicLeadMirror" name="test_public_lead_creates_crm_contact" time="0.648" /><testcase classname="backend.tests.test_crm.TestAILogs" name="test_ai_generate_returns_tokens" time="1.293" /><testcase classname="backend.tests.test_crm.TestAILogs" name="test_ai_logs_structure" time="0.051" /><testcase classname="backend.tests.test_crm.TestAILogs" name="test_ai_generate_creates_timeline_ia_event" time="2.638" /><testcase classname="backend.tests.test_crm.TestAILogs" name="test_ai_priorities_logged" time="4.489" /><testcase classname="backend.tests.test_crm.TestMetricsExtended" name="test_metrics_has_new_fields" time="0.050" /><testcase classname="backend.tests.test_crm.TestTimelineIaType" name="test_timeline_returns_ia_events" time="3.363" /></testsuite></testsuites>