<?xml version="1.0" encoding="utf-8"?><testsuites name="pytest tests"><testsuite name="pytest" errors="0" failures="1" skipped="2" tests="26" time="5.528" timestamp="2026-05-01T13:07:47.674360+00:00" hostname="agent-env-5494da0c-9ca0-4769-8b74-3c8d88b3ca8c"><testcase classname="backend.tests.test_inbox.TestSummary" name="test_summary_founder" time="0.611" /><testcase classname="backend.tests.test_inbox.TestSummary" name="test_summary_pasta_premium" time="0.453" /><testcase classname="backend.tests.test_inbox.TestList" name="test_list_default" time="0.125" /><testcase classname="backend.tests.test_inbox.TestList" name="test_list_filter_channel[instagram]" time="0.139" /><testcase classname="backend.tests.test_inbox.TestList" name="test_list_filter_channel[whatsapp]" time="0.124" /><testcase classname="backend.tests.test_inbox.TestList" name="test_list_filter_channel[messenger]" time="0.125" /><testcase classname="backend.tests.test_inbox.TestList" name="test_list_filter_status" time="0.120" /><testcase classname="backend.tests.test_inbox.TestList" name="test_list_unread_only" time="0.139" /><testcase classname="backend.tests.test_inbox.TestList" name="test_list_search" time="0.114" /><testcase classname="backend.tests.test_inbox.TestMessages" name="test_messages_of_existing_conv" time="0.249" /><testcase classname="backend.tests.test_inbox.TestMessages" name="test_messages_404_invalid" time="0.116" /><testcase classname="backend.tests.test_inbox.TestMessages" name="test_cross_workspace_isolation" time="0.343" /><testcase classname="backend.tests.test_inbox.TestReadPatch" name="test_mark_read_decreases_unread" time="0.238"><skipped type="pytest.skip" message="no unread conv to mark as read">/app/backend/tests/test_inbox.py:148: no unread conv to mark as read</skipped></testcase><testcase classname="backend.tests.test_inbox.TestReadPatch" name="test_patch_status_and_tags" time="0.524" /><testcase classname="backend.tests.test_inbox.TestReadPatch" name="test_patch_empty_400" time="0.262" /><testcase classname="backend.tests.test_inbox.TestReadPatch" name="test_patch_invalid_status_422" time="0.264" /><testcase classname="backend.tests.test_inbox.TestSend" name="test_send_web_chat_409" time="0.222" /><testcase classname="backend.tests.test_inbox.TestSend" name="test_send_instagram_persists_failed" time="0.239"><failure message="AssertionError: {&quot;detail&quot;:&quot;Canal instagram no conectado&quot;}&#10;assert 409 == 200&#10; +  where 409 = &lt;Response [409]&gt;.status_code">backend/tests/test_inbox.py:208: in test_send_instagram_persists_failed
    assert r.status_code == 200, r.text
E   AssertionError: {"detail":"Canal instagram no conectado"}
E   assert 409 == 200
E    +  where 409 = &lt;Response [409]&gt;.status_code</failure></testcase><testcase classname="backend.tests.test_inbox.TestWebhookIntegration" name="test_webhook_dev_creates_inbox_conv" time="0.118"><skipped type="pytest.skip" message="no digiactiva workspace id available">/app/backend/tests/test_inbox.py:220: no digiactiva workspace id available</skipped></testcase><testcase classname="backend.tests.test_inbox.TestSSE" name="test_sse_connected_comment" time="0.102" /><testcase classname="backend.tests.test_inbox.TestSSE" name="test_sse_invalid_token_401" time="0.171" /><testcase classname="backend.tests.test_inbox.TestRegression" name="test_crm_endpoints[/api/crm/contacts]" time="0.113" /><testcase classname="backend.tests.test_inbox.TestRegression" name="test_crm_endpoints[/api/crm/metrics]" time="0.111" /><testcase classname="backend.tests.test_inbox.TestRegression" name="test_crm_endpoints[/api/crm/pipeline]" time="0.163" /><testcase classname="backend.tests.test_inbox.TestRegression" name="test_crm_endpoints[/api/crm/settings]" time="0.106" /><testcase classname="backend.tests.test_inbox.TestRegression" name="test_crm_endpoints[/api/crm/ai/logs]" time="0.118" /></testsuite></testsuites>