<?xml version="1.0" encoding="utf-8"?><testsuites name="pytest tests"><testsuite name="pytest" errors="0" failures="0" skipped="0" tests="7" time="5.079" timestamp="2026-04-28T14:10:24.438782+00:00" hostname="agent-env-5494da0c-9ca0-4769-8b74-3c8d88b3ca8c"><testcase classname="backend.tests.test_niche_templates" name="test_templates_list" time="0.647" /><testcase classname="backend.tests.test_niche_templates" name="test_templates_requires_auth" time="0.115" /><testcase classname="backend.tests.test_niche_templates" name="test_apply_template_creates_prompt_estructurado" time="0.443" /><testcase classname="backend.tests.test_niche_templates" name="test_apply_unknown_template_404" time="0.285" /><testcase classname="backend.tests.test_niche_templates" name="test_apply_template_forbidden_for_non_owner" time="0.681" /><testcase classname="backend.tests.test_niche_templates" name="test_update_agent_prompts_after_refactor" time="0.402" /><testcase classname="backend.tests.test_niche_templates" name="test_chat_uses_prompt_estructurado_returns_200" time="2.396" /></testsuite></testsuites>