<?xml version="1.0" encoding="utf-8"?><testsuites name="pytest tests"><testsuite name="pytest" errors="0" failures="0" skipped="0" tests="20" time="5.891" timestamp="2026-05-01T13:22:48.446956+00:00" hostname="agent-env-5494da0c-9ca0-4769-8b74-3c8d88b3ca8c"><testcase classname="backend.tests.test_onboarding_sprint.TestCreateWithAdmin" name="test_happy_path_returns_credentials" time="0.722" /><testcase classname="backend.tests.test_onboarding_sprint.TestCreateWithAdmin" name="test_409_slug_exists" time="0.154" /><testcase classname="backend.tests.test_onboarding_sprint.TestCreateWithAdmin" name="test_409_email_exists" time="0.106" /><testcase classname="backend.tests.test_onboarding_sprint.TestCreateWithAdmin" name="test_400_invalid_email" time="0.113" /><testcase classname="backend.tests.test_onboarding_sprint.TestCreateWithAdmin" name="test_400_short_password" time="0.109" /><testcase classname="backend.tests.test_onboarding_sprint.TestCreateWithAdmin" name="test_403_non_founder_cannot_create" time="0.432" /><testcase classname="backend.tests.test_onboarding_sprint.TestNewAdminLogin" name="test_new_admin_login_works" time="0.327" /><testcase classname="backend.tests.test_onboarding_sprint.TestWorkspaceAdminEnforcement" name="test_admin_cannot_toggle_module" time="0.464" /><testcase classname="backend.tests.test_onboarding_sprint.TestWorkspaceAdminEnforcement" name="test_admin_cannot_change_plan" time="0.106" /><testcase classname="backend.tests.test_onboarding_sprint.TestWorkspaceAdminEnforcement" name="test_admin_can_update_agent_prompts" time="0.212" /><testcase classname="backend.tests.test_onboarding_sprint.TestWorkspaceAdminEnforcement" name="test_admin_can_update_whatsapp_integration" time="0.105" /><testcase classname="backend.tests.test_onboarding_sprint.TestListWorkspaceIsolation" name="test_founder_sees_all" time="0.118" /><testcase classname="backend.tests.test_onboarding_sprint.TestListWorkspaceIsolation" name="test_pasta_admin_sees_only_own" time="0.190" /><testcase classname="backend.tests.test_onboarding_sprint.TestListWorkspaceIsolation" name="test_new_admin_sees_only_own" time="0.459" /><testcase classname="backend.tests.test_onboarding_sprint.TestResetPassword" name="test_founder_resets" time="0.730" /><testcase classname="backend.tests.test_onboarding_sprint.TestResetPassword" name="test_non_founder_cannot_reset" time="0.112" /><testcase classname="backend.tests.test_onboarding_sprint.TestResetPassword" name="test_404_user_not_in_workspace" time="0.240" /><testcase classname="backend.tests.test_onboarding_sprint.TestListWorkspaceUsers" name="test_founder_sees_users" time="0.113" /><testcase classname="backend.tests.test_onboarding_sprint.TestListWorkspaceUsers" name="test_admin_cross_workspace_403" time="0.101" /><testcase classname="backend.tests.test_onboarding_sprint.TestCRMIsolation" name="test_new_admin_sees_no_digiactiva_contacts" time="0.891" /></testsuite></testsuites>