<?xml version="1.0" encoding="utf-8"?><testsuites name="pytest tests"><testsuite name="pytest" errors="0" failures="0" skipped="0" tests="14" time="19.131" timestamp="2026-04-27T10:43:52.471119+00:00" hostname="agent-env-5494da0c-9ca0-4769-8b74-3c8d88b3ca8c"><testcase classname="backend.tests.test_sprint_b0_messaging.TestMessagingValidation" name="test_invalid_channel_raises" time="0.001" /><testcase classname="backend.tests.test_sprint_b0_messaging.TestMessagingValidation" name="test_upsert_returns_none_without_identifiers" time="0.000" /><testcase classname="backend.tests.test_sprint_b0_messaging.TestWorkspaceParam" name="test_greeting_default_is_digiactiva" time="0.177" /><testcase classname="backend.tests.test_sprint_b0_messaging.TestWorkspaceParam" name="test_greeting_pasta_slug" time="0.134" /><testcase classname="backend.tests.test_sprint_b0_messaging.TestWorkspaceParam" name="test_greeting_unknown_workspace_404" time="0.052" /><testcase classname="backend.tests.test_sprint_b0_messaging.TestChatSourceWebChat" name="test_lead_captured_with_web_chat_source" time="8.283" /><testcase classname="backend.tests.test_sprint_b0_messaging.TestChatSourceWebChat" name="test_contact_has_score_and_proxima_accion" time="0.058" /><testcase classname="backend.tests.test_sprint_b0_messaging.TestChatSourceWebChat" name="test_messages_stored_in_crm_messages" time="0.057" /><testcase classname="backend.tests.test_sprint_b0_messaging.TestChatSourceWebChat" name="test_messages_require_jwt" time="0.083" /><testcase classname="backend.tests.test_sprint_b0_messaging.TestWorkspaceIsolation" name="test_pasta_cannot_see_digiactiva_messages" time="4.998" /><testcase classname="backend.tests.test_sprint_b0_messaging.TestWorkspaceIsolation" name="test_chat_with_pasta_workspace_param" time="4.941" /><testcase classname="backend.tests.test_sprint_b0_messaging.TestMigration" name="test_no_landing_chat_contacts_remain" time="0.055" /><testcase classname="backend.tests.test_sprint_b0_messaging.TestBackendDB" name="test_crm_messages_indexes" time="0.083" /><testcase classname="backend.tests.test_sprint_b0_messaging.TestBackendDB" name="test_crm_literal_accepts_web_chat" time="0.119" /></testsuite></testsuites>