<?xml version="1.0" encoding="utf-8"?><testsuites name="pytest tests"><testsuite name="pytest" errors="0" failures="1" skipped="0" tests="18" time="3.850" timestamp="2026-05-01T17:37:07.179064+00:00" hostname="agent-env-5494da0c-9ca0-4769-8b74-3c8d88b3ca8c"><testcase classname="backend.tests.test_composio_triggers_sprint.TestSetupMine" name="test_admin_setup_mine_returns_results" time="0.500" /><testcase classname="backend.tests.test_composio_triggers_sprint.TestSetupFounder" name="test_setup_no_workspace_id_400" time="0.410" /><testcase classname="backend.tests.test_composio_triggers_sprint.TestSetupFounder" name="test_setup_invalid_workspace_id_404" time="0.054" /><testcase classname="backend.tests.test_composio_triggers_sprint.TestSetupFounder" name="test_setup_valid_workspace_id_200" time="0.120" /><testcase classname="backend.tests.test_composio_triggers_sprint.TestSetupFounder" name="test_admin_setup_403" time="0.054" /><testcase classname="backend.tests.test_composio_triggers_sprint.TestStatus" name="test_founder_status_all" time="0.066" /><testcase classname="backend.tests.test_composio_triggers_sprint.TestStatus" name="test_admin_status_only_own" time="0.059" /><testcase classname="backend.tests.test_composio_triggers_sprint.TestTypes" name="test_founder_types" time="0.071" /><testcase classname="backend.tests.test_composio_triggers_sprint.TestTypes" name="test_admin_types_403" time="0.054" /><testcase classname="backend.tests.test_composio_triggers_sprint.TestDelete" name="test_admin_delete_403" time="0.059" /><testcase classname="backend.tests.test_composio_triggers_sprint.TestDelete" name="test_founder_delete_unknown_200" time="0.253"><failure message="AssertionError: expected 200, got 503: {&quot;detail&quot;:&quot;COMPOSIO_API_KEY no configurada. Configúrala en Workspaces → Configuración Global Composio.&quot;}&#10;assert 503 == 200&#10; +  where 503 = &lt;Response [503]&gt;.status_code">E   AssertionError: expected 200, got 503: {"detail":"COMPOSIO_API_KEY no configurada. Configúrala en Workspaces → Configuración Global Composio."}
    assert 503 == 200
     +  where 503 = &lt;Response [503]&gt;.status_code</failure></testcase><testcase classname="backend.tests.test_composio_triggers_sprint.TestWebhookSubscription" name="test_admin_get_subscription_403" time="0.051" /><testcase classname="backend.tests.test_composio_triggers_sprint.TestWebhookSubscription" name="test_founder_get_subscription" time="0.061" /><testcase classname="backend.tests.test_composio_triggers_sprint.TestWebhookSubscription" name="test_founder_post_non_https_400" time="0.060" /><testcase classname="backend.tests.test_composio_triggers_sprint.TestWebhookSubscription" name="test_founder_post_https_no_crash" time="0.066" /><testcase classname="backend.tests.test_composio_triggers_sprint.TestWebhookPersistence" name="test_webhook_invalid_signature_logs_event" time="1.699" /><testcase classname="backend.tests.test_composio_triggers_sprint.TestWebhookEventsAccess" name="test_founder_sees_all" time="0.059" /><testcase classname="backend.tests.test_composio_triggers_sprint.TestWebhookEventsAccess" name="test_admin_only_own_workspace" time="0.058" /></testsuite></testsuites>