<?xml version="1.0" encoding="utf-8"?><testsuites name="pytest tests"><testsuite name="pytest" errors="0" failures="0" skipped="0" tests="20" time="5.623" timestamp="2026-05-01T18:23:28.859522+00:00" hostname="agent-env-5494da0c-9ca0-4769-8b74-3c8d88b3ca8c"><testcase classname="backend.tests.test_composio_triggers_sprint.TestTypes" name="test_founder_types_503_without_key" time="0.549" /><testcase classname="backend.tests.test_composio_triggers_sprint.TestTypes" name="test_admin_types_403" time="0.410" /><testcase classname="backend.tests.test_composio_triggers_sprint.TestTypes" name="test_founder_type_by_slug_503_without_key" time="0.059" /><testcase classname="backend.tests.test_composio_triggers_sprint.TestTypes" name="test_admin_type_by_slug_no_crash" time="0.062" /><testcase classname="backend.tests.test_composio_triggers_sprint.TestSetupMineLazy" name="test_admin_setup_mine_200_skipped" time="0.075" /><testcase classname="backend.tests.test_composio_triggers_sprint.TestSetupMineLazy" name="test_founder_setup_mine_200_skipped" time="0.063" /><testcase classname="backend.tests.test_composio_triggers_sprint.TestSetupMineLazy" name="test_setup_mine_accepts_configs_no_schema_error" time="0.074" /><testcase classname="backend.tests.test_composio_triggers_sprint.TestSetupMineLazy" name="test_setup_mine_accepts_slug_overrides" time="0.070" /><testcase classname="backend.tests.test_composio_triggers_sprint.TestSetupFounder" name="test_setup_no_workspace_id_400" time="0.054" /><testcase classname="backend.tests.test_composio_triggers_sprint.TestSetupFounder" name="test_setup_invalid_workspace_id_404" time="0.057" /><testcase classname="backend.tests.test_composio_triggers_sprint.TestSetupFounder" name="test_setup_valid_workspace_id_200_skipped" time="0.115" /><testcase classname="backend.tests.test_composio_triggers_sprint.TestSetupFounder" name="test_admin_setup_403" time="0.099" /><testcase classname="backend.tests.test_composio_triggers_sprint.TestStatus" name="test_founder_status_all" time="0.059" /><testcase classname="backend.tests.test_composio_triggers_sprint.TestStatus" name="test_admin_status_only_own" time="0.067" /><testcase classname="backend.tests.test_composio_triggers_sprint.TestDelete" name="test_admin_delete_403" time="0.057" /><testcase classname="backend.tests.test_composio_triggers_sprint.TestDelete" name="test_founder_delete_unknown_200_best_effort" time="0.060" /><testcase classname="backend.tests.test_composio_triggers_sprint.TestWebhookPersistence" name="test_webhook_invalid_signature_logs_event" time="1.697" /><testcase classname="backend.tests.test_composio_triggers_sprint.TestPayloadTruncation" name="test_oversized_payload_truncated_no_crash" time="1.727" /><testcase classname="backend.tests.test_composio_triggers_sprint.TestWebhookEventsAccess" name="test_founder_sees_all" time="0.074" /><testcase classname="backend.tests.test_composio_triggers_sprint.TestWebhookEventsAccess" name="test_admin_only_own_workspace" time="0.080" /></testsuite></testsuites>