<?xml version="1.0" encoding="utf-8"?><testsuites name="pytest tests"><testsuite name="pytest" errors="0" failures="0" skipped="0" tests="15" time="2.721" timestamp="2026-04-27T11:27:23.302815+00:00" hostname="agent-env-5494da0c-9ca0-4769-8b74-3c8d88b3ca8c"><testcase classname="backend.tests.test_whatsapp_sprint_b1.TestStatus" name="test_status_no_plain_tokens" time="0.534" /><testcase classname="backend.tests.test_whatsapp_sprint_b1.TestStatus" name="test_status_requires_auth" time="0.045" /><testcase classname="backend.tests.test_whatsapp_sprint_b1.TestWebhookVerify" name="test_verify_success_returns_plain_challenge" time="0.107" /><testcase classname="backend.tests.test_whatsapp_sprint_b1.TestWebhookVerify" name="test_verify_bad_token_403" time="0.049" /><testcase classname="backend.tests.test_whatsapp_sprint_b1.TestWebhookVerify" name="test_verify_sets_status_connected" time="0.100" /><testcase classname="backend.tests.test_whatsapp_sprint_b1.TestMockReceive" name="test_requires_jwt" time="0.045" /><testcase classname="backend.tests.test_whatsapp_sprint_b1.TestMockReceive" name="test_inbound_creates_contact_and_message" time="0.168" /><testcase classname="backend.tests.test_whatsapp_sprint_b1.TestMockReceive" name="test_inbound_does_not_duplicate" time="0.223" /><testcase classname="backend.tests.test_whatsapp_sprint_b1.TestMockReceive" name="test_inbound_workspace_isolation" time="0.439" /><testcase classname="backend.tests.test_whatsapp_sprint_b1.TestSend" name="test_send_with_fake_creds_returns_502" time="0.196" /><testcase classname="backend.tests.test_whatsapp_sprint_b1.TestSend" name="test_send_persists_last_error" time="0.060" /><testcase classname="backend.tests.test_whatsapp_sprint_b1.TestSend" name="test_send_missing_creds_400" time="0.256" /><testcase classname="backend.tests.test_whatsapp_sprint_b1.TestIntegrationStatusAuto" name="test_webhook_ready_when_all_fields" time="0.055" /><testcase classname="backend.tests.test_whatsapp_sprint_b1.TestIntegrationStatusAuto" name="test_not_connected_when_missing" time="0.104" /><testcase classname="backend.tests.test_whatsapp_sprint_b1.TestMultiTenantSend" name="test_pasta_cannot_send_using_digiactiva" time="0.240" /></testsuite></testsuites>